<?xml version="1.0" encoding="UTF-8"?>
<!-- Generated by org.testng.reporters.JUnitReportReporter -->
<testsuite hostname="Suhails-MacDoo.local" failures="0" tests="1" name="tests.StaticDropdownTests" time="8.005" errors="0" timestamp="2022-05-01T12:51:23 IST" skipped="0">
  <testcase classname="tests.StaticDropdownTests" name="staticDropdownTest" time="8.005"/>
  <system-out/>
</testsuite> <!-- tests.StaticDropdownTests -->
